<?xml version="1.0" encoding="UTF-8"?>
<testsuite name="com.cardinal.logsink.LogSinkTest" tests="2" skipped="0" failures="0" errors="0" timestamp="2025-05-08T01:23:43" hostname="Ruchirs-MacBook-Pro-3.local" time="1.678">
  <properties/>
  <testcase name="testFlushManual()" classname="com.cardinal.logsink.LogSinkTest" time="1.16"/>
  <testcase name="testBatchFlushesOnSize()" classname="com.cardinal.logsink.LogSinkTest" time="0.512"/>
  <system-out><![CDATA[]]></system-out>
  <system-err><![CDATA[]]></system-err>
</testsuite>
