<?xml version="1.0" encoding="UTF-8"?>
<testsuite name="com.cardinal.logsink.LogSinkTest" tests="2" skipped="0" failures="0" errors="0" timestamp="2025-05-08T12:09:38" hostname="Ruchirs-MacBook-Pro-3.local" time="1.006">
  <properties/>
  <testcase name="testFlushManual()" classname="com.cardinal.logsink.LogSinkTest" time="0.496"/>
  <testcase name="testBatchFlushesOnSize()" classname="com.cardinal.logsink.LogSinkTest" time="0.509"/>
  <system-out><![CDATA[]]></system-out>
  <system-err><![CDATA[]]></system-err>
</testsuite>
